<?xml version="1.0" encoding="UTF-8"?>
<!-- Generated by org.testng.reporters.JUnitReportReporter -->
<testsuite hostname="LAPTOP-03PAIS3D" failures="0" tests="2" name="Demo.RestassuredAPDeleteDemo2" time="2.233" errors="0" timestamp="2021-06-18T11:54:32 IST" skipped="0">
  <testcase classname="Demo.RestassuredAPDeleteDemo2" name="test_1" time="2.186"/>
  <system-out/>
  <testcase classname="Demo.RestassuredAPDeleteDemo2" name="test_1" time="0.047"/>
  <system-out/>
</testsuite> <!-- Demo.RestassuredAPDeleteDemo2 -->
