<?xml version="1.0" encoding="UTF-8"?>
<!-- Generated by org.testng.reporters.JUnitReportReporter -->
<testsuite hostname="LAPTOP-03PAIS3D" failures="0" tests="2" name="Demo.RestassuredAPPUTDemo" time="2.211" errors="0" timestamp="2021-06-17T20:27:52 IST" skipped="0">
  <testcase classname="Demo.RestassuredAPPUTDemo" name="test_1" time="0.057"/>
  <system-out/>
  <testcase classname="Demo.RestassuredAPPUTDemo" name="test_1" time="2.154"/>
  <system-out/>
</testsuite> <!-- Demo.RestassuredAPPUTDemo -->
