<?xml version="1.0" encoding="UTF-8"?>
<!-- Generated by org.testng.reporters.JUnitXMLReporter -->
<testsuite ignored="0" hostname="LAPTOP-03PAIS3D" failures="0" tests="2" name="Default test" time="1.297" errors="0" timestamp="2021-06-18T11:50:49 IST">
  <testcase classname="Demo.RestassuredAPDeleteDemo2" name="@BeforeSuite Setup" time="-1.623997248011E9">
    <failure type="org.testng.TestNGException" message="
Parameter &amp;apos;TestAPiUrl&amp;apos; is required by BeforeSuite on method Setup but has not been marked @Optional or defined
in C:\Users\deept\AppData\Local\Temp\testng-eclipse--310965899\testng-customsuite.xml">
      <![CDATA[org.testng.TestNGException: 
Parameter 'TestAPiUrl' is required by BeforeSuite on method Setup but has not been marked @Optional or defined
in C:\Users\deept\AppData\Local\Temp\testng-eclipse--310965899\testng-customsuite.xml
at org.testng.internal.Parameters.createParams(Parameters.java:268)
at org.testng.internal.Parameters.createParametersForMethod(Parameters.java:356)
at org.testng.internal.Parameters.createParameters(Parameters.java:700)
at org.testng.internal.Parameters.createConfigurationParameters(Parameters.java:166)
at org.testng.internal.ConfigInvoker.invokeConfigurations(ConfigInvoker.java:301)
at org.testng.SuiteRunner.privateRun(SuiteRunner.java:327)
at org.testng.SuiteRunner.run(SuiteRunner.java:286)
at org.testng.SuiteRunnerWorker.runSuite(SuiteRunnerWorker.java:53)
at org.testng.SuiteRunnerWorker.run(SuiteRunnerWorker.java:96)
at org.testng.TestNG.runSuitesSequentially(TestNG.java:1218)
at org.testng.TestNG.runSuitesLocally(TestNG.java:1140)
at org.testng.TestNG.runSuites(TestNG.java:1069)
at org.testng.TestNG.run(TestNG.java:1037)
at org.testng.remote.AbstractRemoteTestNG.run(AbstractRemoteTestNG.java:115)
at org.testng.remote.RemoteTestNG.initAndRun(RemoteTestNG.java:251)
at org.testng.remote.RemoteTestNG.main(RemoteTestNG.java:77)
]]>
    </failure>
  </testcase> <!-- @BeforeSuite Setup -->
  <testcase classname="Demo.RestassuredAPDeleteDemo2" name="@BeforeTest getdata" time="-1.623997248073E9">
    <skipped/>
  </testcase> <!-- @BeforeTest getdata -->
  <testcase classname="Demo.RestassuredAPDeleteDemo2" name="@AfterTest TearDownTest" time="-1.623997249346E9">
    <skipped/>
  </testcase> <!-- @AfterTest TearDownTest -->
  <testcase classname="Demo.RestassuredAPDeleteDemo2" name="test_1" time="0.0">
    <skipped/>
  </testcase> <!-- test_1 -->
  <testcase classname="Demo.RestassuredAPDeleteDemo2" name="test_1" time="0.0">
    <skipped/>
  </testcase> <!-- test_1 -->
</testsuite> <!-- Default test -->
